<?xml version="1.0" encoding="UTF-8"?>
<Site BuildName="Linux-clang++"
	BuildStamp="20250407-1308-Experimental"
	Name="mahonri-Surface-Pro-3"
	Generator="ctest-3.28.3"
	CompilerName="/usr/bin/clang++"
	CompilerVersion=""
	OSName="Linux"
	Hostname="mahonri-Surface-Pro-3"
	OSRelease="6.8.0-57-generic"
	OSVersion="#59-Ubuntu SMP PREEMPT_DYNAMIC Sat Mar 15 17:40:59 UTC 2025"
	OSPlatform="x86_64"
	Is64Bits="1"
	VendorString="GenuineIntel"
	VendorID="Intel Corporation"
	FamilyID="6"
	ModelID="69"
	ProcessorCacheSize="3072"
	NumberOfLogicalCPU="4"
	NumberOfPhysicalCPU="2"
	TotalVirtualMemory="2047"
	TotalPhysicalMemory="7846"
	LogicalProcessorsPerPhysical="2"
	ProcessorClockFrequency="2593.88"
	>
	<Testing>
		<StartDateTime>Apr 07 15:08 CEST</StartDateTime>
		<StartTestTime>1744031332</StartTestTime>
		<TestList/>
		<EndDateTime>Apr 07 15:08 CEST</EndDateTime>
		<EndTestTime>1744031332</EndTestTime>
		<ElapsedMinutes>0</ElapsedMinutes>
	</Testing>
</Site>
