<?xml version="1.0" encoding="UTF-8"?>
<Site BuildName="Linux-gcc-12"
	BuildStamp="20250607-0846-Experimental"
	Name="mahonri-Surface-Pro-3"
	Generator="ctest-3.28.3"
	CompilerName=""
	CompilerVersion=""
	OSName="Linux"
	Hostname="mahonri-Surface-Pro-3"
	OSRelease="6.8.0-60-generic"
	OSVersion="#63-Ubuntu SMP PREEMPT_DYNAMIC Tue Apr 15 19:04:15 UTC 2025"
	OSPlatform="x86_64"
	Is64Bits="1"
	VendorString="GenuineIntel"
	VendorID="Intel Corporation"
	FamilyID="6"
	ModelID="69"
	ProcessorCacheSize="3072"
	NumberOfLogicalCPU="4"
	NumberOfPhysicalCPU="2"
	TotalVirtualMemory="2047"
	TotalPhysicalMemory="7846"
	LogicalProcessorsPerPhysical="2"
	ProcessorClockFrequency="2594.06"
	>
	<Testing>
		<StartDateTime>Jun 07 10:46 CEST</StartDateTime>
		<StartTestTime>1749286015</StartTestTime>
		<TestList/>
		<EndDateTime>Jun 07 10:46 CEST</EndDateTime>
		<EndTestTime>1749286015</EndTestTime>
		<ElapsedMinutes>0</ElapsedMinutes>
	</Testing>
</Site>
