<?xml version="1.0" encoding="UTF-8"?>
<Site BuildName="Linux-gcc-12"
	BuildStamp="20250214-0751-Experimental"
	Name="mahonri-Surface-Pro-3"
	Generator="ctest-3.22.1"
	CompilerName=""
	CompilerVersion=""
	OSName="Linux"
	Hostname="mahonri-Surface-Pro-3"
	OSRelease="6.8.0-52-generic"
	OSVersion="#53~22.04.1-Ubuntu SMP PREEMPT_DYNAMIC Wed Jan 15 19:18:46 UTC 2"
	OSPlatform="x86_64"
	Is64Bits="1"
	VendorString="GenuineIntel"
	VendorID="Intel Corporation"
	FamilyID="6"
	ModelID="69"
	ProcessorCacheSize="3072"
	NumberOfLogicalCPU="4"
	NumberOfPhysicalCPU="2"
	TotalVirtualMemory="2047"
	TotalPhysicalMemory="7847"
	LogicalProcessorsPerPhysical="2"
	ProcessorClockFrequency="2431.37"
	>
	<Testing>
		<StartDateTime>Feb 14 08:51 CET</StartDateTime>
		<StartTestTime>1739519513</StartTestTime>
		<TestList/>
		<EndDateTime>Feb 14 08:51 CET</EndDateTime>
		<EndTestTime>1739519513</EndTestTime>
		<ElapsedMinutes>0</ElapsedMinutes>
	</Testing>
</Site>
