<?xml version="1.0" encoding="UTF-8"?>
<Site BuildName="Linux-gcc-12"
	BuildStamp="20241223-0903-Experimental"
	Name="mahonri-Surface-Pro-3"
	Generator="ctest-3.22.1"
	CompilerName=""
	CompilerVersion=""
	OSName="Linux"
	Hostname="mahonri-Surface-Pro-3"
	OSRelease="6.8.0-49-generic"
	OSVersion="#49~22.04.1-Ubuntu SMP PREEMPT_DYNAMIC Wed Nov  6 17:42:15 UTC 2"
	OSPlatform="x86_64"
	Is64Bits="1"
	VendorString="GenuineIntel"
	VendorID="Intel Corporation"
	FamilyID="6"
	ModelID="69"
	ProcessorCacheSize="3072"
	NumberOfLogicalCPU="4"
	NumberOfPhysicalCPU="2"
	TotalVirtualMemory="2047"
	TotalPhysicalMemory="7847"
	LogicalProcessorsPerPhysical="2"
	ProcessorClockFrequency="2593.87"
	>
	<Testing>
		<StartDateTime>Dec 23 10:11 CET</StartDateTime>
		<StartTestTime>1734945096</StartTestTime>
		<TestList/>
		<EndDateTime>Dec 23 10:11 CET</EndDateTime>
		<EndTestTime>1734945096</EndTestTime>
		<ElapsedMinutes>0</ElapsedMinutes>
	</Testing>
</Site>
