<?xml version="1.0" encoding="UTF-8"?>
<Site BuildName="Linux-cc"
	BuildStamp="20250801-1331-Experimental"
	Name="mahonri-Surface-Pro-3"
	Generator="ctest-3.28.3"
	CompilerName=""
	CompilerVersion=""
	OSName="Linux"
	Hostname="mahonri-Surface-Pro-3"
	OSRelease="6.8.0-64-generic"
	OSVersion="#67-Ubuntu SMP PREEMPT_DYNAMIC Sun Jun 15 20:23:31 UTC 2025"
	OSPlatform="x86_64"
	Is64Bits="1"
	VendorString="GenuineIntel"
	VendorID="Intel Corporation"
	FamilyID="6"
	ModelID="69"
	ProcessorCacheSize="3072"
	NumberOfLogicalCPU="4"
	NumberOfPhysicalCPU="2"
	TotalVirtualMemory="2047"
	TotalPhysicalMemory="7846"
	LogicalProcessorsPerPhysical="2"
	ProcessorClockFrequency="2594.06"
	>
	<Testing>
		<StartDateTime>Aug 01 15:32 CEST</StartDateTime>
		<StartTestTime>1754055152</StartTestTime>
		<TestList/>
		<EndDateTime>Aug 01 15:32 CEST</EndDateTime>
		<EndTestTime>1754055152</EndTestTime>
		<ElapsedMinutes>0</ElapsedMinutes>
	</Testing>
</Site>
