<?xml version="1.0" encoding="UTF-8"?>
<Site BuildName="Linux-clang++"
	BuildStamp="20250228-2014-Experimental"
	Name="mahonri-Surface-Pro-3"
	Generator="ctest-3.28.3"
	CompilerName="/usr/bin/clang++"
	CompilerVersion=""
	OSName="Linux"
	Hostname="mahonri-Surface-Pro-3"
	OSRelease="6.8.0-54-generic"
	OSVersion="#56-Ubuntu SMP PREEMPT_DYNAMIC Sat Feb  8 00:37:57 UTC 2025"
	OSPlatform="x86_64"
	Is64Bits="1"
	VendorString="GenuineIntel"
	VendorID="Intel Corporation"
	FamilyID="6"
	ModelID="69"
	ProcessorCacheSize="3072"
	NumberOfLogicalCPU="4"
	NumberOfPhysicalCPU="2"
	TotalVirtualMemory="2047"
	TotalPhysicalMemory="7846"
	LogicalProcessorsPerPhysical="2"
	ProcessorClockFrequency="2594.05"
	>
	<Testing>
		<StartDateTime>Feb 28 21:14 CET</StartDateTime>
		<StartTestTime>1740773690</StartTestTime>
		<TestList/>
		<EndDateTime>Feb 28 21:14 CET</EndDateTime>
		<EndTestTime>1740773690</EndTestTime>
		<ElapsedMinutes>0</ElapsedMinutes>
	</Testing>
</Site>
