<?xml version="1.0" encoding="UTF-8"?>
<Site BuildName="Linux-c++"
	BuildStamp="20250112-1130-Experimental"
	Name="mahonri-Surface-Pro-3"
	Generator="ctest-3.22.1"
	CompilerName="/usr/bin/c++"
	CompilerVersion="11.4.0"
	OSName="Linux"
	Hostname="mahonri-Surface-Pro-3"
	OSRelease="6.8.0-51-generic"
	OSVersion="#52~22.04.1-Ubuntu SMP PREEMPT_DYNAMIC Mon Dec  9 15:00:52 UTC 2"
	OSPlatform="x86_64"
	Is64Bits="1"
	VendorString="GenuineIntel"
	VendorID="Intel Corporation"
	FamilyID="6"
	ModelID="69"
	ProcessorCacheSize="3072"
	NumberOfLogicalCPU="4"
	NumberOfPhysicalCPU="2"
	TotalVirtualMemory="2047"
	TotalPhysicalMemory="7847"
	LogicalProcessorsPerPhysical="2"
	ProcessorClockFrequency="2593.96"
	>
	<Testing>
		<StartDateTime>Jan 12 12:30 CET</StartDateTime>
		<StartTestTime>1736681445</StartTestTime>
		<TestList/>
		<EndDateTime>Jan 12 12:30 CET</EndDateTime>
		<EndTestTime>1736681445</EndTestTime>
		<ElapsedMinutes>0</ElapsedMinutes>
	</Testing>
</Site>
