<?xml version="1.0" encoding="UTF-8"?>
<Site BuildName="Linux-clang++"
	BuildStamp="20250505-0517-Experimental"
	Name="mahonri-Surface-Pro-3"
	Generator="ctest-3.28.3"
	CompilerName="/usr/bin/clang++"
	CompilerVersion=""
	OSName="Linux"
	Hostname="mahonri-Surface-Pro-3"
	OSRelease="6.8.0-58-generic"
	OSVersion="#60-Ubuntu SMP PREEMPT_DYNAMIC Fri Mar 14 18:29:48 UTC 2025"
	OSPlatform="x86_64"
	Is64Bits="1"
	VendorString="GenuineIntel"
	VendorID="Intel Corporation"
	FamilyID="6"
	ModelID="69"
	ProcessorCacheSize="3072"
	NumberOfLogicalCPU="4"
	NumberOfPhysicalCPU="2"
	TotalVirtualMemory="2047"
	TotalPhysicalMemory="7846"
	LogicalProcessorsPerPhysical="2"
	ProcessorClockFrequency="2494.01"
	>
	<Testing>
		<StartDateTime>May 05 18:44 CEST</StartDateTime>
		<StartTestTime>1746463482</StartTestTime>
		<TestList/>
		<EndDateTime>May 05 18:44 CEST</EndDateTime>
		<EndTestTime>1746463482</EndTestTime>
		<ElapsedMinutes>0</ElapsedMinutes>
	</Testing>
</Site>
